2023-01-18 11:44:51,977 INFO [main][RepositoryConfigurationDelegate.java:249] - Multiple Spring Data modules found, entering strict repository configuration mode!
2023-01-18 11:44:51,977 INFO [main][RepositoryConfigurationDelegate.java:249] - Multiple Spring Data modules found, entering strict repository configuration mode!
2023-01-18 11:44:51,981 INFO [main][RepositoryConfigurationDelegate.java:127] - Bootstrapping Spring Data Redis repositories in DEFAULT mode.
2023-01-18 11:44:51,981 INFO [main][RepositoryConfigurationDelegate.java:127] - Bootstrapping Spring Data Redis repositories in DEFAULT mode.
2023-01-18 11:44:52,035 INFO [main][RepositoryConfigurationDelegate.java:187] - Finished Spring Data repository scanning in 9ms. Found 0 Redis repository interfaces.
2023-01-18 11:44:52,035 INFO [main][RepositoryConfigurationDelegate.java:187] - Finished Spring Data repository scanning in 9ms. Found 0 Redis repository interfaces.
2023-01-18 11:44:52,100 WARN [main][EndpointId.java:155] - Endpoint ID 'service-registry' contains invalid characters, please migrate to a valid format.
2023-01-18 11:44:52,100 WARN [main][EndpointId.java:155] - Endpoint ID 'service-registry' contains invalid characters, please migrate to a valid format.
2023-01-18 11:44:52,165 WARN [main][Logger.java:44] - No MyBatis mapper was found in '[com.shf.xuechengplus.content]' package. Please check your configuration.
2023-01-18 11:44:52,165 WARN [main][Logger.java:44] - No MyBatis mapper was found in '[com.shf.xuechengplus.content]' package. Please check your configuration.
2023-01-18 11:44:52,231 INFO [main][GenericScope.java:295] - BeanFactory id=9aa1c055-a73c-3838-9df5-1999f6f66a90
2023-01-18 11:44:52,231 INFO [main][GenericScope.java:295] - BeanFactory id=9aa1c055-a73c-3838-9df5-1999f6f66a90
2023-01-18 11:44:52,554 INFO [main][TomcatWebServer.java:108] - Tomcat initialized with port(s): 63040 (http)
2023-01-18 11:44:52,554 INFO [main][TomcatWebServer.java:108] - Tomcat initialized with port(s): 63040 (http)
2023-01-18 11:44:52,692 INFO [main][ServletWebServerApplicationContext.java:285] - Root WebApplicationContext: initialization completed in 1467 ms
2023-01-18 11:44:52,692 INFO [main][ServletWebServerApplicationContext.java:285] - Root WebApplicationContext: initialization completed in 1467 ms
2023-01-18 11:44:53,033 INFO [main][ExecutorConfigurationSupport.java:181] - Initializing ExecutorService 'applicationTaskExecutor'
2023-01-18 11:44:53,033 INFO [main][ExecutorConfigurationSupport.java:181] - Initializing ExecutorService 'applicationTaskExecutor'
2023-01-18 11:44:53,371 INFO [main][ExecutorConfigurationSupport.java:181] - Initializing ExecutorService 'Nacos-Watch-Task-Scheduler'
2023-01-18 11:44:53,371 INFO [main][ExecutorConfigurationSupport.java:181] - Initializing ExecutorService 'Nacos-Watch-Task-Scheduler'
2023-01-18 11:44:53,776 WARN [main][AbstractApplicationContext.java:559] - Exception encountered during context initialization - cancelling refresh attempt: org.springframework.beans.factory.UnsatisfiedDependencyException: Error creating bean with name 'redisTemplate' defined in class path resource [org/redisson/spring/starter/RedissonAutoConfiguration.class]: Unsatisfied dependency expressed through method 'redisTemplate' parameter 0; nested exception is org.springframework.beans.factory.UnsatisfiedDependencyException: Error creating bean with name 'redissonConnectionFactory' defined in class path resource [org/redisson/spring/starter/RedissonAutoConfiguration.class]: Unsatisfied dependency expressed through method 'redissonConnectionFactory' parameter 0; nested exception is org.springframework.beans.factory.BeanCreationException: Error creating bean with name 'redisson' defined in class path resource [org/redisson/spring/starter/RedissonAutoConfiguration.class]: Bean instantiation via factory method failed; nested exception is org.springframework.beans.BeanInstantiationException: Failed to instantiate [org.redisson.api.RedissonClient]: Factory method 'redisson' threw exception; nested exception is java.lang.IllegalArgumentException: Can't parse config
2023-01-18 11:44:53,776 WARN [main][AbstractApplicationContext.java:559] - Exception encountered during context initialization - cancelling refresh attempt: org.springframework.beans.factory.UnsatisfiedDependencyException: Error creating bean with name 'redisTemplate' defined in class path resource [org/redisson/spring/starter/RedissonAutoConfiguration.class]: Unsatisfied dependency expressed through method 'redisTemplate' parameter 0; nested exception is org.springframework.beans.factory.UnsatisfiedDependencyException: Error creating bean with name 'redissonConnectionFactory' defined in class path resource [org/redisson/spring/starter/RedissonAutoConfiguration.class]: Unsatisfied dependency expressed through method 'redissonConnectionFactory' parameter 0; nested exception is org.springframework.beans.factory.BeanCreationException: Error creating bean with name 'redisson' defined in class path resource [org/redisson/spring/starter/RedissonAutoConfiguration.class]: Bean instantiation via factory method failed; nested exception is org.springframework.beans.BeanInstantiationException: Failed to instantiate [org.redisson.api.RedissonClient]: Factory method 'redisson' threw exception; nested exception is java.lang.IllegalArgumentException: Can't parse config
2023-01-18 11:44:59,832 INFO [main][ExecutorConfigurationSupport.java:218] - Shutting down ExecutorService 'applicationTaskExecutor'
2023-01-18 11:44:59,832 INFO [main][ExecutorConfigurationSupport.java:218] - Shutting down ExecutorService 'applicationTaskExecutor'
2023-01-18 11:44:59,850 INFO [main][ConditionEvaluationReportLoggingListener.java:136] - 

Error starting ApplicationContext. To display the conditions report re-run your application with 'debug' enabled.
2023-01-18 11:44:59,850 INFO [main][ConditionEvaluationReportLoggingListener.java:136] - 

Error starting ApplicationContext. To display the conditions report re-run your application with 'debug' enabled.
2023-01-18 11:44:59,860 ERROR [main][SpringApplication.java:837] - Application run failed
org.springframework.beans.factory.UnsatisfiedDependencyException: Error creating bean with name 'redisTemplate' defined in class path resource [org/redisson/spring/starter/RedissonAutoConfiguration.class]: Unsatisfied dependency expressed through method 'redisTemplate' parameter 0; nested exception is org.springframework.beans.factory.UnsatisfiedDependencyException: Error creating bean with name 'redissonConnectionFactory' defined in class path resource [org/redisson/spring/starter/RedissonAutoConfiguration.class]: Unsatisfied dependency expressed through method 'redissonConnectionFactory' parameter 0; nested exception is org.springframework.beans.factory.BeanCreationException: Error creating bean with name 'redisson' defined in class path resource [org/redisson/spring/starter/RedissonAutoConfiguration.class]: Bean instantiation via factory method failed; nested exception is org.springframework.beans.BeanInstantiationException: Failed to instantiate [org.redisson.api.RedissonClient]: Factory method 'redisson' threw exception; nested exception is java.lang.IllegalArgumentException: Can't parse config
	at org.springframework.beans.factory.support.ConstructorResolver.createArgumentArray(ConstructorResolver.java:799)
	at org.springframework.beans.factory.support.ConstructorResolver.instantiateUsingFactoryMethod(ConstructorResolver.java:540)
	at org.springframework.beans.factory.support.AbstractAutowireCapableBeanFactory.instantiateUsingFactoryMethod(AbstractAutowireCapableBeanFactory.java:1336)
	at org.springframework.beans.factory.support.AbstractAutowireCapableBeanFactory.createBeanInstance(AbstractAutowireCapableBeanFactory.java:1176)
	at org.springframework.beans.factory.support.AbstractAutowireCapableBeanFactory.doCreateBean(AbstractAutowireCapableBeanFactory.java:556)
	at org.springframework.beans.factory.support.AbstractAutowireCapableBeanFactory.createBean(AbstractAutowireCapableBeanFactory.java:516)
	at org.springframework.beans.factory.support.AbstractBeanFactory.lambda$doGetBean$0(AbstractBeanFactory.java:324)
	at org.springframework.beans.factory.support.DefaultSingletonBeanRegistry.getSingleton(DefaultSingletonBeanRegistry.java:234)
	at org.springframework.beans.factory.support.AbstractBeanFactory.doGetBean(AbstractBeanFactory.java:322)
	at org.springframework.beans.factory.support.AbstractBeanFactory.getBean(AbstractBeanFactory.java:202)
	at org.springframework.beans.factory.support.DefaultListableBeanFactory.preInstantiateSingletons(DefaultListableBeanFactory.java:897)
	at org.springframework.context.support.AbstractApplicationContext.finishBeanFactoryInitialization(AbstractApplicationContext.java:879)
	at org.springframework.context.support.AbstractApplicationContext.refresh(AbstractApplicationContext.java:551)
	at org.springframework.boot.web.servlet.context.ServletWebServerApplicationContext.refresh(ServletWebServerApplicationContext.java:143)
	at org.springframework.boot.SpringApplication.refresh(SpringApplication.java:758)
	at org.springframework.boot.SpringApplication.refresh(SpringApplication.java:750)
	at org.springframework.boot.SpringApplication.refreshContext(SpringApplication.java:405)
	at org.springframework.boot.SpringApplication.run(SpringApplication.java:315)
	at org.springframework.boot.SpringApplication.run(SpringApplication.java:1237)
	at org.springframework.boot.SpringApplication.run(SpringApplication.java:1226)
	at com.shf.xuechengplus.content.XuechengPlusContentApiApplication.main(XuechengPlusContentApiApplication.java:10)
Caused by: org.springframework.beans.factory.UnsatisfiedDependencyException: Error creating bean with name 'redissonConnectionFactory' defined in class path resource [org/redisson/spring/starter/RedissonAutoConfiguration.class]: Unsatisfied dependency expressed through method 'redissonConnectionFactory' parameter 0; nested exception is org.springframework.beans.factory.BeanCreationException: Error creating bean with name 'redisson' defined in class path resource [org/redisson/spring/starter/RedissonAutoConfiguration.class]: Bean instantiation via factory method failed; nested exception is org.springframework.beans.BeanInstantiationException: Failed to instantiate [org.redisson.api.RedissonClient]: Factory method 'redisson' threw exception; nested exception is java.lang.IllegalArgumentException: Can't parse config
	at org.springframework.beans.factory.support.ConstructorResolver.createArgumentArray(ConstructorResolver.java:799)
	at org.springframework.beans.factory.support.ConstructorResolver.instantiateUsingFactoryMethod(ConstructorResolver.java:540)
	at org.springframework.beans.factory.support.AbstractAutowireCapableBeanFactory.instantiateUsingFactoryMethod(AbstractAutowireCapableBeanFactory.java:1336)
	at org.springframework.beans.factory.support.AbstractAutowireCapableBeanFactory.createBeanInstance(AbstractAutowireCapableBeanFactory.java:1176)
	at org.springframework.beans.factory.support.AbstractAutowireCapableBeanFactory.doCreateBean(AbstractAutowireCapableBeanFactory.java:556)
	at org.springframework.beans.factory.support.AbstractAutowireCapableBeanFactory.createBean(AbstractAutowireCapableBeanFactory.java:516)
	at org.springframework.beans.factory.support.AbstractBeanFactory.lambda$doGetBean$0(AbstractBeanFactory.java:324)
	at org.springframework.beans.factory.support.DefaultSingletonBeanRegistry.getSingleton(DefaultSingletonBeanRegistry.java:234)
	at org.springframework.beans.factory.support.AbstractBeanFactory.doGetBean(AbstractBeanFactory.java:322)
	at org.springframework.beans.factory.support.AbstractBeanFactory.getBean(AbstractBeanFactory.java:202)
	at org.springframework.beans.factory.config.DependencyDescriptor.resolveCandidate(DependencyDescriptor.java:276)
	at org.springframework.beans.factory.support.DefaultListableBeanFactory.doResolveDependency(DefaultListableBeanFactory.java:1307)
	at org.springframework.beans.factory.support.DefaultListableBeanFactory.resolveDependency(DefaultListableBeanFactory.java:1227)
	at org.springframework.beans.factory.support.ConstructorResolver.resolveAutowiredArgument(ConstructorResolver.java:886)
	at org.springframework.beans.factory.support.ConstructorResolver.createArgumentArray(ConstructorResolver.java:790)
	... 20 more
Caused by: org.springframework.beans.factory.BeanCreationException: Error creating bean with name 'redisson' defined in class path resource [org/redisson/spring/starter/RedissonAutoConfiguration.class]: Bean instantiation via factory method failed; nested exception is org.springframework.beans.BeanInstantiationException: Failed to instantiate [org.redisson.api.RedissonClient]: Factory method 'redisson' threw exception; nested exception is java.lang.IllegalArgumentException: Can't parse config
	at org.springframework.beans.factory.support.ConstructorResolver.instantiate(ConstructorResolver.java:657)
	at org.springframework.beans.factory.support.ConstructorResolver.instantiateUsingFactoryMethod(ConstructorResolver.java:485)
	at org.springframework.beans.factory.support.AbstractAutowireCapableBeanFactory.instantiateUsingFactoryMethod(AbstractAutowireCapableBeanFactory.java:1336)
	at org.springframework.beans.factory.support.AbstractAutowireCapableBeanFactory.createBeanInstance(AbstractAutowireCapableBeanFactory.java:1176)
	at org.springframework.beans.factory.support.AbstractAutowireCapableBeanFactory.doCreateBean(AbstractAutowireCapableBeanFactory.java:556)
	at org.springframework.beans.factory.support.AbstractAutowireCapableBeanFactory.createBean(AbstractAutowireCapableBeanFactory.java:516)
	at org.springframework.beans.factory.support.AbstractBeanFactory.lambda$doGetBean$0(AbstractBeanFactory.java:324)
	at org.springframework.beans.factory.support.DefaultSingletonBeanRegistry.getSingleton(DefaultSingletonBeanRegistry.java:234)
	at org.springframework.beans.factory.support.AbstractBeanFactory.doGetBean(AbstractBeanFactory.java:322)
	at org.springframework.beans.factory.support.AbstractBeanFactory.getBean(AbstractBeanFactory.java:202)
	at org.springframework.beans.factory.config.DependencyDescriptor.resolveCandidate(DependencyDescriptor.java:276)
	at org.springframework.beans.factory.support.DefaultListableBeanFactory.doResolveDependency(DefaultListableBeanFactory.java:1307)
	at org.springframework.beans.factory.support.DefaultListableBeanFactory.resolveDependency(DefaultListableBeanFactory.java:1227)
	at org.springframework.beans.factory.support.ConstructorResolver.resolveAutowiredArgument(ConstructorResolver.java:886)
	at org.springframework.beans.factory.support.ConstructorResolver.createArgumentArray(ConstructorResolver.java:790)
	... 34 more
Caused by: org.springframework.beans.BeanInstantiationException: Failed to instantiate [org.redisson.api.RedissonClient]: Factory method 'redisson' threw exception; nested exception is java.lang.IllegalArgumentException: Can't parse config
	at org.springframework.beans.factory.support.SimpleInstantiationStrategy.instantiate(SimpleInstantiationStrategy.java:185)
	at org.springframework.beans.factory.support.ConstructorResolver.instantiate(ConstructorResolver.java:652)
	... 48 more
Caused by: java.lang.IllegalArgumentException: Can't parse config
	at org.redisson.spring.starter.RedissonAutoConfiguration.redisson(RedissonAutoConfiguration.java:116)
	at org.redisson.spring.starter.RedissonAutoConfiguration$$EnhancerBySpringCGLIB$$a99fb036.CGLIB$redisson$1(<generated>)
	at org.redisson.spring.starter.RedissonAutoConfiguration$$EnhancerBySpringCGLIB$$a99fb036$$FastClassBySpringCGLIB$$54fe5692.invoke(<generated>)
	at org.springframework.cglib.proxy.MethodProxy.invokeSuper(MethodProxy.java:244)
	at org.springframework.context.annotation.ConfigurationClassEnhancer$BeanMethodInterceptor.intercept(ConfigurationClassEnhancer.java:331)
	at org.redisson.spring.starter.RedissonAutoConfiguration$$EnhancerBySpringCGLIB$$a99fb036.redisson(<generated>)
	at sun.reflect.NativeMethodAccessorImpl.invoke0(Native Method)
	at sun.reflect.NativeMethodAccessorImpl.invoke(NativeMethodAccessorImpl.java:62)
	at sun.reflect.DelegatingMethodAccessorImpl.invoke(DelegatingMethodAccessorImpl.java:43)
	at java.lang.reflect.Method.invoke(Method.java:498)
	at org.springframework.beans.factory.support.SimpleInstantiationStrategy.instantiate(SimpleInstantiationStrategy.java:154)
	... 49 more
Caused by: java.io.FileNotFoundException: class path resource [singleServerConfig.yaml] cannot be opened because it does not exist
	at org.springframework.core.io.ClassPathResource.getInputStream(ClassPathResource.java:180)
	at org.redisson.spring.starter.RedissonAutoConfiguration.getConfigStream(RedissonAutoConfiguration.java:181)
	at org.redisson.spring.starter.RedissonAutoConfiguration.redisson(RedissonAutoConfiguration.java:113)
	... 59 more
2023-01-18 11:44:59,860 ERROR [main][SpringApplication.java:837] - Application run failed
org.springframework.beans.factory.UnsatisfiedDependencyException: Error creating bean with name 'redisTemplate' defined in class path resource [org/redisson/spring/starter/RedissonAutoConfiguration.class]: Unsatisfied dependency expressed through method 'redisTemplate' parameter 0; nested exception is org.springframework.beans.factory.UnsatisfiedDependencyException: Error creating bean with name 'redissonConnectionFactory' defined in class path resource [org/redisson/spring/starter/RedissonAutoConfiguration.class]: Unsatisfied dependency expressed through method 'redissonConnectionFactory' parameter 0; nested exception is org.springframework.beans.factory.BeanCreationException: Error creating bean with name 'redisson' defined in class path resource [org/redisson/spring/starter/RedissonAutoConfiguration.class]: Bean instantiation via factory method failed; nested exception is org.springframework.beans.BeanInstantiationException: Failed to instantiate [org.redisson.api.RedissonClient]: Factory method 'redisson' threw exception; nested exception is java.lang.IllegalArgumentException: Can't parse config
	at org.springframework.beans.factory.support.ConstructorResolver.createArgumentArray(ConstructorResolver.java:799)
	at org.springframework.beans.factory.support.ConstructorResolver.instantiateUsingFactoryMethod(ConstructorResolver.java:540)
	at org.springframework.beans.factory.support.AbstractAutowireCapableBeanFactory.instantiateUsingFactoryMethod(AbstractAutowireCapableBeanFactory.java:1336)
	at org.springframework.beans.factory.support.AbstractAutowireCapableBeanFactory.createBeanInstance(AbstractAutowireCapableBeanFactory.java:1176)
	at org.springframework.beans.factory.support.AbstractAutowireCapableBeanFactory.doCreateBean(AbstractAutowireCapableBeanFactory.java:556)
	at org.springframework.beans.factory.support.AbstractAutowireCapableBeanFactory.createBean(AbstractAutowireCapableBeanFactory.java:516)
	at org.springframework.beans.factory.support.AbstractBeanFactory.lambda$doGetBean$0(AbstractBeanFactory.java:324)
	at org.springframework.beans.factory.support.DefaultSingletonBeanRegistry.getSingleton(DefaultSingletonBeanRegistry.java:234)
	at org.springframework.beans.factory.support.AbstractBeanFactory.doGetBean(AbstractBeanFactory.java:322)
	at org.springframework.beans.factory.support.AbstractBeanFactory.getBean(AbstractBeanFactory.java:202)
	at org.springframework.beans.factory.support.DefaultListableBeanFactory.preInstantiateSingletons(DefaultListableBeanFactory.java:897)
	at org.springframework.context.support.AbstractApplicationContext.finishBeanFactoryInitialization(AbstractApplicationContext.java:879)
	at org.springframework.context.support.AbstractApplicationContext.refresh(AbstractApplicationContext.java:551)
	at org.springframework.boot.web.servlet.context.ServletWebServerApplicationContext.refresh(ServletWebServerApplicationContext.java:143)
	at org.springframework.boot.SpringApplication.refresh(SpringApplication.java:758)
	at org.springframework.boot.SpringApplication.refresh(SpringApplication.java:750)
	at org.springframework.boot.SpringApplication.refreshContext(SpringApplication.java:405)
	at org.springframework.boot.SpringApplication.run(SpringApplication.java:315)
	at org.springframework.boot.SpringApplication.run(SpringApplication.java:1237)
	at org.springframework.boot.SpringApplication.run(SpringApplication.java:1226)
	at com.shf.xuechengplus.content.XuechengPlusContentApiApplication.main(XuechengPlusContentApiApplication.java:10)
Caused by: org.springframework.beans.factory.UnsatisfiedDependencyException: Error creating bean with name 'redissonConnectionFactory' defined in class path resource [org/redisson/spring/starter/RedissonAutoConfiguration.class]: Unsatisfied dependency expressed through method 'redissonConnectionFactory' parameter 0; nested exception is org.springframework.beans.factory.BeanCreationException: Error creating bean with name 'redisson' defined in class path resource [org/redisson/spring/starter/RedissonAutoConfiguration.class]: Bean instantiation via factory method failed; nested exception is org.springframework.beans.BeanInstantiationException: Failed to instantiate [org.redisson.api.RedissonClient]: Factory method 'redisson' threw exception; nested exception is java.lang.IllegalArgumentException: Can't parse config
	at org.springframework.beans.factory.support.ConstructorResolver.createArgumentArray(ConstructorResolver.java:799)
	at org.springframework.beans.factory.support.ConstructorResolver.instantiateUsingFactoryMethod(ConstructorResolver.java:540)
	at org.springframework.beans.factory.support.AbstractAutowireCapableBeanFactory.instantiateUsingFactoryMethod(AbstractAutowireCapableBeanFactory.java:1336)
	at org.springframework.beans.factory.support.AbstractAutowireCapableBeanFactory.createBeanInstance(AbstractAutowireCapableBeanFactory.java:1176)
	at org.springframework.beans.factory.support.AbstractAutowireCapableBeanFactory.doCreateBean(AbstractAutowireCapableBeanFactory.java:556)
	at org.springframework.beans.factory.support.AbstractAutowireCapableBeanFactory.createBean(AbstractAutowireCapableBeanFactory.java:516)
	at org.springframework.beans.factory.support.AbstractBeanFactory.lambda$doGetBean$0(AbstractBeanFactory.java:324)
	at org.springframework.beans.factory.support.DefaultSingletonBeanRegistry.getSingleton(DefaultSingletonBeanRegistry.java:234)
	at org.springframework.beans.factory.support.AbstractBeanFactory.doGetBean(AbstractBeanFactory.java:322)
	at org.springframework.beans.factory.support.AbstractBeanFactory.getBean(AbstractBeanFactory.java:202)
	at org.springframework.beans.factory.config.DependencyDescriptor.resolveCandidate(DependencyDescriptor.java:276)
	at org.springframework.beans.factory.support.DefaultListableBeanFactory.doResolveDependency(DefaultListableBeanFactory.java:1307)
	at org.springframework.beans.factory.support.DefaultListableBeanFactory.resolveDependency(DefaultListableBeanFactory.java:1227)
	at org.springframework.beans.factory.support.ConstructorResolver.resolveAutowiredArgument(ConstructorResolver.java:886)
	at org.springframework.beans.factory.support.ConstructorResolver.createArgumentArray(ConstructorResolver.java:790)
	... 20 more
Caused by: org.springframework.beans.factory.BeanCreationException: Error creating bean with name 'redisson' defined in class path resource [org/redisson/spring/starter/RedissonAutoConfiguration.class]: Bean instantiation via factory method failed; nested exception is org.springframework.beans.BeanInstantiationException: Failed to instantiate [org.redisson.api.RedissonClient]: Factory method 'redisson' threw exception; nested exception is java.lang.IllegalArgumentException: Can't parse config
	at org.springframework.beans.factory.support.ConstructorResolver.instantiate(ConstructorResolver.java:657)
	at org.springframework.beans.factory.support.ConstructorResolver.instantiateUsingFactoryMethod(ConstructorResolver.java:485)
	at org.springframework.beans.factory.support.AbstractAutowireCapableBeanFactory.instantiateUsingFactoryMethod(AbstractAutowireCapableBeanFactory.java:1336)
	at org.springframework.beans.factory.support.AbstractAutowireCapableBeanFactory.createBeanInstance(AbstractAutowireCapableBeanFactory.java:1176)
	at org.springframework.beans.factory.support.AbstractAutowireCapableBeanFactory.doCreateBean(AbstractAutowireCapableBeanFactory.java:556)
	at org.springframework.beans.factory.support.AbstractAutowireCapableBeanFactory.createBean(AbstractAutowireCapableBeanFactory.java:516)
	at org.springframework.beans.factory.support.AbstractBeanFactory.lambda$doGetBean$0(AbstractBeanFactory.java:324)
	at org.springframework.beans.factory.support.DefaultSingletonBeanRegistry.getSingleton(DefaultSingletonBeanRegistry.java:234)
	at org.springframework.beans.factory.support.AbstractBeanFactory.doGetBean(AbstractBeanFactory.java:322)
	at org.springframework.beans.factory.support.AbstractBeanFactory.getBean(AbstractBeanFactory.java:202)
	at org.springframework.beans.factory.config.DependencyDescriptor.resolveCandidate(DependencyDescriptor.java:276)
	at org.springframework.beans.factory.support.DefaultListableBeanFactory.doResolveDependency(DefaultListableBeanFactory.java:1307)
	at org.springframework.beans.factory.support.DefaultListableBeanFactory.resolveDependency(DefaultListableBeanFactory.java:1227)
	at org.springframework.beans.factory.support.ConstructorResolver.resolveAutowiredArgument(ConstructorResolver.java:886)
	at org.springframework.beans.factory.support.ConstructorResolver.createArgumentArray(ConstructorResolver.java:790)
	... 34 more
Caused by: org.springframework.beans.BeanInstantiationException: Failed to instantiate [org.redisson.api.RedissonClient]: Factory method 'redisson' threw exception; nested exception is java.lang.IllegalArgumentException: Can't parse config
	at org.springframework.beans.factory.support.SimpleInstantiationStrategy.instantiate(SimpleInstantiationStrategy.java:185)
	at org.springframework.beans.factory.support.ConstructorResolver.instantiate(ConstructorResolver.java:652)
	... 48 more
Caused by: java.lang.IllegalArgumentException: Can't parse config
	at org.redisson.spring.starter.RedissonAutoConfiguration.redisson(RedissonAutoConfiguration.java:116)
	at org.redisson.spring.starter.RedissonAutoConfiguration$$EnhancerBySpringCGLIB$$a99fb036.CGLIB$redisson$1(<generated>)
	at org.redisson.spring.starter.RedissonAutoConfiguration$$EnhancerBySpringCGLIB$$a99fb036$$FastClassBySpringCGLIB$$54fe5692.invoke(<generated>)
	at org.springframework.cglib.proxy.MethodProxy.invokeSuper(MethodProxy.java:244)
	at org.springframework.context.annotation.ConfigurationClassEnhancer$BeanMethodInterceptor.intercept(ConfigurationClassEnhancer.java:331)
	at org.redisson.spring.starter.RedissonAutoConfiguration$$EnhancerBySpringCGLIB$$a99fb036.redisson(<generated>)
	at sun.reflect.NativeMethodAccessorImpl.invoke0(Native Method)
	at sun.reflect.NativeMethodAccessorImpl.invoke(NativeMethodAccessorImpl.java:62)
	at sun.reflect.DelegatingMethodAccessorImpl.invoke(DelegatingMethodAccessorImpl.java:43)
	at java.lang.reflect.Method.invoke(Method.java:498)
	at org.springframework.beans.factory.support.SimpleInstantiationStrategy.instantiate(SimpleInstantiationStrategy.java:154)
	... 49 more
Caused by: java.io.FileNotFoundException: class path resource [singleServerConfig.yaml] cannot be opened because it does not exist
	at org.springframework.core.io.ClassPathResource.getInputStream(ClassPathResource.java:180)
	at org.redisson.spring.starter.RedissonAutoConfiguration.getConfigStream(RedissonAutoConfiguration.java:181)
	at org.redisson.spring.starter.RedissonAutoConfiguration.redisson(RedissonAutoConfiguration.java:113)
	... 59 more
2023-01-18 11:48:21,797 INFO [main][RepositoryConfigurationDelegate.java:249] - Multiple Spring Data modules found, entering strict repository configuration mode!
2023-01-18 11:48:21,797 INFO [main][RepositoryConfigurationDelegate.java:249] - Multiple Spring Data modules found, entering strict repository configuration mode!
2023-01-18 11:48:21,800 INFO [main][RepositoryConfigurationDelegate.java:127] - Bootstrapping Spring Data Redis repositories in DEFAULT mode.
2023-01-18 11:48:21,800 INFO [main][RepositoryConfigurationDelegate.java:127] - Bootstrapping Spring Data Redis repositories in DEFAULT mode.
2023-01-18 11:48:21,851 INFO [main][RepositoryConfigurationDelegate.java:187] - Finished Spring Data repository scanning in 9ms. Found 0 Redis repository interfaces.
2023-01-18 11:48:21,851 INFO [main][RepositoryConfigurationDelegate.java:187] - Finished Spring Data repository scanning in 9ms. Found 0 Redis repository interfaces.
2023-01-18 11:48:21,916 WARN [main][EndpointId.java:155] - Endpoint ID 'service-registry' contains invalid characters, please migrate to a valid format.
2023-01-18 11:48:21,916 WARN [main][EndpointId.java:155] - Endpoint ID 'service-registry' contains invalid characters, please migrate to a valid format.
2023-01-18 11:48:21,973 WARN [main][Logger.java:44] - No MyBatis mapper was found in '[com.shf.xuechengplus.content]' package. Please check your configuration.
2023-01-18 11:48:21,973 WARN [main][Logger.java:44] - No MyBatis mapper was found in '[com.shf.xuechengplus.content]' package. Please check your configuration.
2023-01-18 11:48:22,033 INFO [main][GenericScope.java:295] - BeanFactory id=9aa1c055-a73c-3838-9df5-1999f6f66a90
2023-01-18 11:48:22,033 INFO [main][GenericScope.java:295] - BeanFactory id=9aa1c055-a73c-3838-9df5-1999f6f66a90
2023-01-18 11:48:22,304 INFO [main][TomcatWebServer.java:108] - Tomcat initialized with port(s): 63040 (http)
2023-01-18 11:48:22,304 INFO [main][TomcatWebServer.java:108] - Tomcat initialized with port(s): 63040 (http)
2023-01-18 11:48:22,435 INFO [main][ServletWebServerApplicationContext.java:285] - Root WebApplicationContext: initialization completed in 1304 ms
2023-01-18 11:48:22,435 INFO [main][ServletWebServerApplicationContext.java:285] - Root WebApplicationContext: initialization completed in 1304 ms
2023-01-18 11:48:22,735 INFO [main][ExecutorConfigurationSupport.java:181] - Initializing ExecutorService 'applicationTaskExecutor'
2023-01-18 11:48:22,735 INFO [main][ExecutorConfigurationSupport.java:181] - Initializing ExecutorService 'applicationTaskExecutor'
2023-01-18 11:48:23,040 INFO [main][ExecutorConfigurationSupport.java:181] - Initializing ExecutorService 'Nacos-Watch-Task-Scheduler'
2023-01-18 11:48:23,040 INFO [main][ExecutorConfigurationSupport.java:181] - Initializing ExecutorService 'Nacos-Watch-Task-Scheduler'
2023-01-18 11:48:24,642 INFO [main][UserDetailsServiceAutoConfiguration.java:86] - 

Using generated security password: a007e2a7-ee70-4c5d-a59c-1265e19b1756

2023-01-18 11:48:24,642 INFO [main][UserDetailsServiceAutoConfiguration.java:86] - 

Using generated security password: a007e2a7-ee70-4c5d-a59c-1265e19b1756

2023-01-18 11:48:24,878 INFO [main][DefaultSecurityFilterChain.java:43] - Creating filter chain: any request, [org.springframework.security.web.context.request.async.WebAsyncManagerIntegrationFilter@2f0cab82, org.springframework.security.web.context.SecurityContextPersistenceFilter@be616f0, org.springframework.security.web.header.HeaderWriterFilter@35ceec81, org.springframework.security.web.csrf.CsrfFilter@336d28a1, org.springframework.security.web.authentication.logout.LogoutFilter@21540255, org.springframework.security.web.authentication.UsernamePasswordAuthenticationFilter@1bc6c20d, org.springframework.security.web.authentication.ui.DefaultLoginPageGeneratingFilter@129b69b2, org.springframework.security.web.authentication.ui.DefaultLogoutPageGeneratingFilter@7fcc3745, org.springframework.security.web.authentication.www.BasicAuthenticationFilter@5477d90e, org.springframework.security.web.savedrequest.RequestCacheAwareFilter@cf08c97, org.springframework.security.web.servletapi.SecurityContextHolderAwareRequestFilter@2e0652ab, org.springframework.security.web.authentication.AnonymousAuthenticationFilter@6d35ff7b, org.springframework.security.web.session.SessionManagementFilter@7c8df667, org.springframework.security.web.access.ExceptionTranslationFilter@51141f64, org.springframework.security.web.access.intercept.FilterSecurityInterceptor@1f68e4e8]
2023-01-18 11:48:24,878 INFO [main][DefaultSecurityFilterChain.java:43] - Creating filter chain: any request, [org.springframework.security.web.context.request.async.WebAsyncManagerIntegrationFilter@2f0cab82, org.springframework.security.web.context.SecurityContextPersistenceFilter@be616f0, org.springframework.security.web.header.HeaderWriterFilter@35ceec81, org.springframework.security.web.csrf.CsrfFilter@336d28a1, org.springframework.security.web.authentication.logout.LogoutFilter@21540255, org.springframework.security.web.authentication.UsernamePasswordAuthenticationFilter@1bc6c20d, org.springframework.security.web.authentication.ui.DefaultLoginPageGeneratingFilter@129b69b2, org.springframework.security.web.authentication.ui.DefaultLogoutPageGeneratingFilter@7fcc3745, org.springframework.security.web.authentication.www.BasicAuthenticationFilter@5477d90e, org.springframework.security.web.savedrequest.RequestCacheAwareFilter@cf08c97, org.springframework.security.web.servletapi.SecurityContextHolderAwareRequestFilter@2e0652ab, org.springframework.security.web.authentication.AnonymousAuthenticationFilter@6d35ff7b, org.springframework.security.web.session.SessionManagementFilter@7c8df667, org.springframework.security.web.access.ExceptionTranslationFilter@51141f64, org.springframework.security.web.access.intercept.FilterSecurityInterceptor@1f68e4e8]
2023-01-18 11:48:25,000 WARN [main][FreeMarkerAutoConfiguration.java:65] - Cannot find template location(s): [classpath:/templates/] (please add some templates, check your FreeMarker configuration, or set spring.freemarker.checkTemplateLocation=false)
2023-01-18 11:48:25,000 WARN [main][FreeMarkerAutoConfiguration.java:65] - Cannot find template location(s): [classpath:/templates/] (please add some templates, check your FreeMarker configuration, or set spring.freemarker.checkTemplateLocation=false)
2023-01-18 11:48:25,494 WARN [main][SpringCloudSecurityAutoConfiguration.java:38] - All Spring Cloud Security modules and starters are deprecated. They will be moved to individual projects in the next major release.
2023-01-18 11:48:25,494 WARN [main][SpringCloudSecurityAutoConfiguration.java:38] - All Spring Cloud Security modules and starters are deprecated. They will be moved to individual projects in the next major release.
2023-01-18 11:48:25,498 INFO [main][EndpointLinksResolver.java:58] - Exposing 2 endpoint(s) beneath base path '/actuator'
2023-01-18 11:48:25,498 INFO [main][EndpointLinksResolver.java:58] - Exposing 2 endpoint(s) beneath base path '/actuator'
2023-01-18 11:48:25,614 INFO [main][TomcatWebServer.java:220] - Tomcat started on port(s): 63040 (http) with context path '/content'
2023-01-18 11:48:25,614 INFO [main][TomcatWebServer.java:220] - Tomcat started on port(s): 63040 (http) with context path '/content'
2023-01-18 11:48:26,606 INFO [RMI TCP Connection(1)-192.168.1.8][FrameworkServlet.java:525] - Initializing Servlet 'dispatcherServlet'
2023-01-18 11:48:26,606 INFO [RMI TCP Connection(1)-192.168.1.8][FrameworkServlet.java:525] - Initializing Servlet 'dispatcherServlet'
2023-01-18 11:48:26,613 INFO [RMI TCP Connection(1)-192.168.1.8][FrameworkServlet.java:547] - Completed initialization in 7 ms
2023-01-18 11:48:26,613 INFO [RMI TCP Connection(1)-192.168.1.8][FrameworkServlet.java:547] - Completed initialization in 7 ms
2023-01-18 11:52:50,916 INFO [SpringContextShutdownHook][ExecutorConfigurationSupport.java:218] - Shutting down ExecutorService 'Nacos-Watch-Task-Scheduler'
2023-01-18 11:52:50,916 INFO [SpringContextShutdownHook][ExecutorConfigurationSupport.java:218] - Shutting down ExecutorService 'Nacos-Watch-Task-Scheduler'
2023-01-18 11:52:57,367 WARN [SpringContextShutdownHook][DisposableBeanAdapter.java:349] - Destroy method 'close' on bean with name 'nacosServiceRegistry' threw an exception: java.lang.NullPointerException
2023-01-18 11:52:57,367 WARN [SpringContextShutdownHook][DisposableBeanAdapter.java:349] - Destroy method 'close' on bean with name 'nacosServiceRegistry' threw an exception: java.lang.NullPointerException
2023-01-18 11:52:57,367 INFO [SpringContextShutdownHook][ExecutorConfigurationSupport.java:218] - Shutting down ExecutorService 'applicationTaskExecutor'
2023-01-18 11:52:57,367 INFO [SpringContextShutdownHook][ExecutorConfigurationSupport.java:218] - Shutting down ExecutorService 'applicationTaskExecutor'
2023-01-18 11:53:06,156 INFO [main][RepositoryConfigurationDelegate.java:249] - Multiple Spring Data modules found, entering strict repository configuration mode!
2023-01-18 11:53:06,156 INFO [main][RepositoryConfigurationDelegate.java:249] - Multiple Spring Data modules found, entering strict repository configuration mode!
2023-01-18 11:53:06,160 INFO [main][RepositoryConfigurationDelegate.java:127] - Bootstrapping Spring Data Redis repositories in DEFAULT mode.
2023-01-18 11:53:06,160 INFO [main][RepositoryConfigurationDelegate.java:127] - Bootstrapping Spring Data Redis repositories in DEFAULT mode.
2023-01-18 11:53:06,255 INFO [main][RepositoryConfigurationDelegate.java:187] - Finished Spring Data repository scanning in 11ms. Found 0 Redis repository interfaces.
2023-01-18 11:53:06,255 INFO [main][RepositoryConfigurationDelegate.java:187] - Finished Spring Data repository scanning in 11ms. Found 0 Redis repository interfaces.
2023-01-18 11:53:06,340 WARN [main][EndpointId.java:155] - Endpoint ID 'service-registry' contains invalid characters, please migrate to a valid format.
2023-01-18 11:53:06,340 WARN [main][EndpointId.java:155] - Endpoint ID 'service-registry' contains invalid characters, please migrate to a valid format.
2023-01-18 11:53:06,426 WARN [main][Logger.java:44] - No MyBatis mapper was found in '[com.shf.xuechengplus.content]' package. Please check your configuration.
2023-01-18 11:53:06,426 WARN [main][Logger.java:44] - No MyBatis mapper was found in '[com.shf.xuechengplus.content]' package. Please check your configuration.
2023-01-18 11:53:06,500 INFO [main][GenericScope.java:295] - BeanFactory id=9aa1c055-a73c-3838-9df5-1999f6f66a90
2023-01-18 11:53:06,500 INFO [main][GenericScope.java:295] - BeanFactory id=9aa1c055-a73c-3838-9df5-1999f6f66a90
2023-01-18 11:53:06,862 INFO [main][TomcatWebServer.java:108] - Tomcat initialized with port(s): 63040 (http)
2023-01-18 11:53:06,862 INFO [main][TomcatWebServer.java:108] - Tomcat initialized with port(s): 63040 (http)
2023-01-18 11:53:07,030 INFO [main][ServletWebServerApplicationContext.java:285] - Root WebApplicationContext: initialization completed in 1688 ms
2023-01-18 11:53:07,030 INFO [main][ServletWebServerApplicationContext.java:285] - Root WebApplicationContext: initialization completed in 1688 ms
2023-01-18 11:53:07,367 INFO [main][ExecutorConfigurationSupport.java:181] - Initializing ExecutorService 'applicationTaskExecutor'
2023-01-18 11:53:07,367 INFO [main][ExecutorConfigurationSupport.java:181] - Initializing ExecutorService 'applicationTaskExecutor'
2023-01-18 11:53:07,709 INFO [main][ExecutorConfigurationSupport.java:181] - Initializing ExecutorService 'Nacos-Watch-Task-Scheduler'
2023-01-18 11:53:07,709 INFO [main][ExecutorConfigurationSupport.java:181] - Initializing ExecutorService 'Nacos-Watch-Task-Scheduler'
2023-01-18 11:53:09,566 INFO [main][UserDetailsServiceAutoConfiguration.java:86] - 

Using generated security password: e489e3c0-742a-4796-8b6f-6a347fd2ffcf

2023-01-18 11:53:09,566 INFO [main][UserDetailsServiceAutoConfiguration.java:86] - 

Using generated security password: e489e3c0-742a-4796-8b6f-6a347fd2ffcf

2023-01-18 11:53:09,764 INFO [main][DefaultSecurityFilterChain.java:43] - Creating filter chain: any request, [org.springframework.security.web.context.request.async.WebAsyncManagerIntegrationFilter@39b85a73, org.springframework.security.web.context.SecurityContextPersistenceFilter@5891b7c5, org.springframework.security.web.header.HeaderWriterFilter@62158991, org.springframework.security.web.csrf.CsrfFilter@74830d73, org.springframework.security.web.authentication.logout.LogoutFilter@22c29aa8, org.springframework.security.web.authentication.UsernamePasswordAuthenticationFilter@56299b0e, org.springframework.security.web.authentication.ui.DefaultLoginPageGeneratingFilter@be616f0, org.springframework.security.web.authentication.ui.DefaultLogoutPageGeneratingFilter@5788722f, org.springframework.security.web.authentication.www.BasicAuthenticationFilter@5df7a065, org.springframework.security.web.savedrequest.RequestCacheAwareFilter@38e46765, org.springframework.security.web.servletapi.SecurityContextHolderAwareRequestFilter@7c8df667, org.springframework.security.web.authentication.AnonymousAuthenticationFilter@7a730479, org.springframework.security.web.session.SessionManagementFilter@1255de25, org.springframework.security.web.access.ExceptionTranslationFilter@42e202d7, org.springframework.security.web.access.intercept.FilterSecurityInterceptor@114b203]
2023-01-18 11:53:09,764 INFO [main][DefaultSecurityFilterChain.java:43] - Creating filter chain: any request, [org.springframework.security.web.context.request.async.WebAsyncManagerIntegrationFilter@39b85a73, org.springframework.security.web.context.SecurityContextPersistenceFilter@5891b7c5, org.springframework.security.web.header.HeaderWriterFilter@62158991, org.springframework.security.web.csrf.CsrfFilter@74830d73, org.springframework.security.web.authentication.logout.LogoutFilter@22c29aa8, org.springframework.security.web.authentication.UsernamePasswordAuthenticationFilter@56299b0e, org.springframework.security.web.authentication.ui.DefaultLoginPageGeneratingFilter@be616f0, org.springframework.security.web.authentication.ui.DefaultLogoutPageGeneratingFilter@5788722f, org.springframework.security.web.authentication.www.BasicAuthenticationFilter@5df7a065, org.springframework.security.web.savedrequest.RequestCacheAwareFilter@38e46765, org.springframework.security.web.servletapi.SecurityContextHolderAwareRequestFilter@7c8df667, org.springframework.security.web.authentication.AnonymousAuthenticationFilter@7a730479, org.springframework.security.web.session.SessionManagementFilter@1255de25, org.springframework.security.web.access.ExceptionTranslationFilter@42e202d7, org.springframework.security.web.access.intercept.FilterSecurityInterceptor@114b203]
2023-01-18 11:53:09,899 WARN [main][FreeMarkerAutoConfiguration.java:65] - Cannot find template location(s): [classpath:/templates/] (please add some templates, check your FreeMarker configuration, or set spring.freemarker.checkTemplateLocation=false)
2023-01-18 11:53:09,899 WARN [main][FreeMarkerAutoConfiguration.java:65] - Cannot find template location(s): [classpath:/templates/] (please add some templates, check your FreeMarker configuration, or set spring.freemarker.checkTemplateLocation=false)
2023-01-18 11:53:10,407 WARN [main][SpringCloudSecurityAutoConfiguration.java:38] - All Spring Cloud Security modules and starters are deprecated. They will be moved to individual projects in the next major release.
2023-01-18 11:53:10,407 WARN [main][SpringCloudSecurityAutoConfiguration.java:38] - All Spring Cloud Security modules and starters are deprecated. They will be moved to individual projects in the next major release.
2023-01-18 11:53:10,410 INFO [main][EndpointLinksResolver.java:58] - Exposing 2 endpoint(s) beneath base path '/actuator'
2023-01-18 11:53:10,410 INFO [main][EndpointLinksResolver.java:58] - Exposing 2 endpoint(s) beneath base path '/actuator'
2023-01-18 11:53:10,505 INFO [main][TomcatWebServer.java:220] - Tomcat started on port(s): 63040 (http) with context path '/content'
2023-01-18 11:53:10,505 INFO [main][TomcatWebServer.java:220] - Tomcat started on port(s): 63040 (http) with context path '/content'
2023-01-18 11:53:11,035 INFO [RMI TCP Connection(9)-192.168.1.8][FrameworkServlet.java:525] - Initializing Servlet 'dispatcherServlet'
2023-01-18 11:53:11,035 INFO [RMI TCP Connection(9)-192.168.1.8][FrameworkServlet.java:525] - Initializing Servlet 'dispatcherServlet'
2023-01-18 11:53:11,043 INFO [RMI TCP Connection(9)-192.168.1.8][FrameworkServlet.java:547] - Completed initialization in 7 ms
2023-01-18 11:53:11,043 INFO [RMI TCP Connection(9)-192.168.1.8][FrameworkServlet.java:547] - Completed initialization in 7 ms
2023-01-18 11:55:59,273 INFO [SpringContextShutdownHook][ExecutorConfigurationSupport.java:218] - Shutting down ExecutorService 'Nacos-Watch-Task-Scheduler'
2023-01-18 11:55:59,273 INFO [SpringContextShutdownHook][ExecutorConfigurationSupport.java:218] - Shutting down ExecutorService 'Nacos-Watch-Task-Scheduler'
2023-01-18 11:56:04,784 WARN [SpringContextShutdownHook][DisposableBeanAdapter.java:349] - Destroy method 'close' on bean with name 'nacosServiceRegistry' threw an exception: java.lang.NullPointerException
2023-01-18 11:56:04,784 WARN [SpringContextShutdownHook][DisposableBeanAdapter.java:349] - Destroy method 'close' on bean with name 'nacosServiceRegistry' threw an exception: java.lang.NullPointerException
2023-01-18 11:56:04,785 INFO [SpringContextShutdownHook][ExecutorConfigurationSupport.java:218] - Shutting down ExecutorService 'applicationTaskExecutor'
2023-01-18 11:56:04,785 INFO [SpringContextShutdownHook][ExecutorConfigurationSupport.java:218] - Shutting down ExecutorService 'applicationTaskExecutor'
2023-01-18 11:56:12,996 INFO [main][RepositoryConfigurationDelegate.java:249] - Multiple Spring Data modules found, entering strict repository configuration mode!
2023-01-18 11:56:12,996 INFO [main][RepositoryConfigurationDelegate.java:249] - Multiple Spring Data modules found, entering strict repository configuration mode!
2023-01-18 11:56:13,001 INFO [main][RepositoryConfigurationDelegate.java:127] - Bootstrapping Spring Data Redis repositories in DEFAULT mode.
2023-01-18 11:56:13,001 INFO [main][RepositoryConfigurationDelegate.java:127] - Bootstrapping Spring Data Redis repositories in DEFAULT mode.
2023-01-18 11:56:13,073 INFO [main][RepositoryConfigurationDelegate.java:187] - Finished Spring Data repository scanning in 8ms. Found 0 Redis repository interfaces.
2023-01-18 11:56:13,073 INFO [main][RepositoryConfigurationDelegate.java:187] - Finished Spring Data repository scanning in 8ms. Found 0 Redis repository interfaces.
2023-01-18 11:56:13,130 WARN [main][EndpointId.java:155] - Endpoint ID 'service-registry' contains invalid characters, please migrate to a valid format.
2023-01-18 11:56:13,130 WARN [main][EndpointId.java:155] - Endpoint ID 'service-registry' contains invalid characters, please migrate to a valid format.
2023-01-18 11:56:13,190 WARN [main][Logger.java:44] - No MyBatis mapper was found in '[com.shf.xuechengplus.content]' package. Please check your configuration.
2023-01-18 11:56:13,190 WARN [main][Logger.java:44] - No MyBatis mapper was found in '[com.shf.xuechengplus.content]' package. Please check your configuration.
2023-01-18 11:56:13,252 INFO [main][GenericScope.java:295] - BeanFactory id=9aa1c055-a73c-3838-9df5-1999f6f66a90
2023-01-18 11:56:13,252 INFO [main][GenericScope.java:295] - BeanFactory id=9aa1c055-a73c-3838-9df5-1999f6f66a90
2023-01-18 11:56:13,550 INFO [main][TomcatWebServer.java:108] - Tomcat initialized with port(s): 63040 (http)
2023-01-18 11:56:13,550 INFO [main][TomcatWebServer.java:108] - Tomcat initialized with port(s): 63040 (http)
2023-01-18 11:56:13,674 INFO [main][ServletWebServerApplicationContext.java:285] - Root WebApplicationContext: initialization completed in 1398 ms
2023-01-18 11:56:13,674 INFO [main][ServletWebServerApplicationContext.java:285] - Root WebApplicationContext: initialization completed in 1398 ms
2023-01-18 11:56:14,003 INFO [main][ExecutorConfigurationSupport.java:181] - Initializing ExecutorService 'applicationTaskExecutor'
2023-01-18 11:56:14,003 INFO [main][ExecutorConfigurationSupport.java:181] - Initializing ExecutorService 'applicationTaskExecutor'
2023-01-18 11:56:14,343 INFO [main][ExecutorConfigurationSupport.java:181] - Initializing ExecutorService 'Nacos-Watch-Task-Scheduler'
2023-01-18 11:56:14,343 INFO [main][ExecutorConfigurationSupport.java:181] - Initializing ExecutorService 'Nacos-Watch-Task-Scheduler'
2023-01-18 11:56:15,871 INFO [main][UserDetailsServiceAutoConfiguration.java:86] - 

Using generated security password: 5b3b2d38-bf15-4987-be56-626e0be2c71b

2023-01-18 11:56:15,871 INFO [main][UserDetailsServiceAutoConfiguration.java:86] - 

Using generated security password: 5b3b2d38-bf15-4987-be56-626e0be2c71b

2023-01-18 11:56:16,083 INFO [main][DefaultSecurityFilterChain.java:43] - Creating filter chain: any request, [org.springframework.security.web.context.request.async.WebAsyncManagerIntegrationFilter@2f0cab82, org.springframework.security.web.context.SecurityContextPersistenceFilter@be616f0, org.springframework.security.web.header.HeaderWriterFilter@35ceec81, org.springframework.security.web.csrf.CsrfFilter@336d28a1, org.springframework.security.web.authentication.logout.LogoutFilter@21540255, org.springframework.security.web.authentication.UsernamePasswordAuthenticationFilter@1bc6c20d, org.springframework.security.web.authentication.ui.DefaultLoginPageGeneratingFilter@129b69b2, org.springframework.security.web.authentication.ui.DefaultLogoutPageGeneratingFilter@7fcc3745, org.springframework.security.web.authentication.www.BasicAuthenticationFilter@5477d90e, org.springframework.security.web.savedrequest.RequestCacheAwareFilter@cf08c97, org.springframework.security.web.servletapi.SecurityContextHolderAwareRequestFilter@2e0652ab, org.springframework.security.web.authentication.AnonymousAuthenticationFilter@6d35ff7b, org.springframework.security.web.session.SessionManagementFilter@7c8df667, org.springframework.security.web.access.ExceptionTranslationFilter@51141f64, org.springframework.security.web.access.intercept.FilterSecurityInterceptor@1f68e4e8]
2023-01-18 11:56:16,083 INFO [main][DefaultSecurityFilterChain.java:43] - Creating filter chain: any request, [org.springframework.security.web.context.request.async.WebAsyncManagerIntegrationFilter@2f0cab82, org.springframework.security.web.context.SecurityContextPersistenceFilter@be616f0, org.springframework.security.web.header.HeaderWriterFilter@35ceec81, org.springframework.security.web.csrf.CsrfFilter@336d28a1, org.springframework.security.web.authentication.logout.LogoutFilter@21540255, org.springframework.security.web.authentication.UsernamePasswordAuthenticationFilter@1bc6c20d, org.springframework.security.web.authentication.ui.DefaultLoginPageGeneratingFilter@129b69b2, org.springframework.security.web.authentication.ui.DefaultLogoutPageGeneratingFilter@7fcc3745, org.springframework.security.web.authentication.www.BasicAuthenticationFilter@5477d90e, org.springframework.security.web.savedrequest.RequestCacheAwareFilter@cf08c97, org.springframework.security.web.servletapi.SecurityContextHolderAwareRequestFilter@2e0652ab, org.springframework.security.web.authentication.AnonymousAuthenticationFilter@6d35ff7b, org.springframework.security.web.session.SessionManagementFilter@7c8df667, org.springframework.security.web.access.ExceptionTranslationFilter@51141f64, org.springframework.security.web.access.intercept.FilterSecurityInterceptor@1f68e4e8]
2023-01-18 11:56:16,198 WARN [main][FreeMarkerAutoConfiguration.java:65] - Cannot find template location(s): [classpath:/templates/] (please add some templates, check your FreeMarker configuration, or set spring.freemarker.checkTemplateLocation=false)
2023-01-18 11:56:16,198 WARN [main][FreeMarkerAutoConfiguration.java:65] - Cannot find template location(s): [classpath:/templates/] (please add some templates, check your FreeMarker configuration, or set spring.freemarker.checkTemplateLocation=false)
2023-01-18 11:56:16,659 WARN [main][SpringCloudSecurityAutoConfiguration.java:38] - All Spring Cloud Security modules and starters are deprecated. They will be moved to individual projects in the next major release.
2023-01-18 11:56:16,659 WARN [main][SpringCloudSecurityAutoConfiguration.java:38] - All Spring Cloud Security modules and starters are deprecated. They will be moved to individual projects in the next major release.
2023-01-18 11:56:16,662 INFO [main][EndpointLinksResolver.java:58] - Exposing 2 endpoint(s) beneath base path '/actuator'
2023-01-18 11:56:16,662 INFO [main][EndpointLinksResolver.java:58] - Exposing 2 endpoint(s) beneath base path '/actuator'
2023-01-18 11:56:16,748 INFO [main][TomcatWebServer.java:220] - Tomcat started on port(s): 63040 (http) with context path '/content'
2023-01-18 11:56:16,748 INFO [main][TomcatWebServer.java:220] - Tomcat started on port(s): 63040 (http) with context path '/content'
2023-01-18 11:56:17,382 INFO [RMI TCP Connection(3)-192.168.1.8][FrameworkServlet.java:525] - Initializing Servlet 'dispatcherServlet'
2023-01-18 11:56:17,382 INFO [RMI TCP Connection(3)-192.168.1.8][FrameworkServlet.java:525] - Initializing Servlet 'dispatcherServlet'
2023-01-18 11:56:17,388 INFO [RMI TCP Connection(3)-192.168.1.8][FrameworkServlet.java:547] - Completed initialization in 5 ms
2023-01-18 11:56:17,388 INFO [RMI TCP Connection(3)-192.168.1.8][FrameworkServlet.java:547] - Completed initialization in 5 ms
